Microsoft (R) Macro Assembler Version 14.33.31630.0	    12/18/22 06:32:14
main.asm						     Page 1 - 1


				include Irvine32.inc
			      C ; Include file for Irvine32.lib             (Irvine32.inc)
			      C 
			      C ;OPTION CASEMAP:NONE		; optional: make identifiers case-sensitive
			      C 
			      C INCLUDE SmallWin.inc		; MS-Windows prototypes, structures, and constants
			      C .NOLIST
			      C .LIST
			      C 
			      C INCLUDE VirtualKeys.inc
			      C ; VirtualKeys.inc
			      C .NOLIST
			      C .LIST
			      C 
			      C 
			      C .NOLIST
			      C .LIST
			      C 
				printStartScene PROTO
				decStrLevel PROTO, levelNumDec:WORD
				decStrScore PROTO, scoreNumDec:WORD
				decStrLives PROTO, livesNumDec:WORD
				decStrBogys PROTO, bogysNumDec:WORD

				printLevel PROTO, xyPosInit:COORD
				printScore PROTO, xyPosInit:COORD
				printLives PROTO, xyPosInit:COORD
				printBogys PROTO, xyPosInit:COORD

				bogyWalking PROTO, xyPosInBogy:COORD
				bogyClear   PROTO, xyPosInBogy:COORD
				printGreenLine PROTO, xyPosInLine:COORD

				tankWalking PROTO, xyPosInit:COORD
				tankClear   PROTO, xyPosInit:COORD
				;controlTank PROTO

				; bullet move
				noWorkWalking PROTO, xyPosInit:COORD
				noWorkClear   PROTO, xyPosInit:COORD

				; 	玩遊戲   ebx = 1
				; 	暫停		ebx = 2
				; 	結束畫面	ebx = 3
				; 	離開程式	ebx = 4

 00000000			.data
					; 視窗的變數們
 00000000 48 75 61 20 54		windowTitleStr BYTE "Hua Tank V.S Bogy",0 ; 標題
	   61 6E 6B 20 56
	   2E 53 20 42 6F
	   67 79 00
 00000012 0000 0000 007D		windowBound    SMALL_RECT <0,0,125,25>    ; 視窗大小
	   0019
 0000001A 00000000			consoleHandle  DWORD ?

 0000001E 0006 0005			xyPos COORD   <6,5>
 00000022 0007 000F			xyPosTank COORD    <7,15>

 00000026 000F 0006			xyPosNoWork0 COORD <15,6>
 0000002A 000F 0007			xyPosNoWork1 COORD <15,7>
 0000002E 000F 0008			xyPosNoWork2 COORD <15,8>
 00000032 000F 0009			xyPosNoWork3 COORD <15,9>
 00000036 000F 000A			xyPosNoWork4 COORD <15,10>
 0000003A 000F 000B			xyPosNoWork5 COORD <15,11>
 0000003E 000F 000C			xyPosNoWork6 COORD <15,12>
 00000042 000F 000D			xyPosNoWork7 COORD <15,13>
 00000046 000F 000E			xyPosNoWork8 COORD <15,14>
 0000004A 000F 000F			xyPosNoWork9 COORD <15,15>
 0000004E 000F 0010			xyPosNoWork10 COORD <15,16>
 00000052 000F 0011			xyPosNoWork11 COORD <15,17>
 00000056 000F 0012			xyPosNoWork12 COORD <15,18>
 0000005A 000F 0013			xyPosNoWork13 COORD <15,19>
 0000005E 000F 0014			xyPosNoWork14 COORD <15,20>
 00000062 000F 0015			xyPosNoWork15 COORD <15,21>
 00000066 000F 0016			xyPosNoWork16 COORD <15,22>
 0000006A 000F 0017			xyPosNoWork17 COORD <15,23>
 0000006E 000F 0018			xyPosNoWork18 COORD <15,24>
 00000072 000F 0019			xyPosNoWork19 COORD <15,25>
 00000076 000F 001A			xyPosNoWork20 COORD <15,26>

 0000007A 0000				N10 WORD 0
 0000007C 0000				N11 WORD 0

 0000007E 006B 0005			xyPosBogy0 COORD   <107,5>
 00000082 006C 0009			xyPosBogy1 COORD   <108,9>
 00000086 006D 000D			xyPosBogy2 COORD   <109,13>
 0000008A 006E 0011			xyPosBogy3 COORD   <110,17>
 0000008E 006F 0015			xyPosBogy4 COORD   <111,21>
 00000092 0070 0019			xyPosBogy5 COORD   <112,25>
 00000096 00000000			cells_Written DWORD ?

					; 開始畫面的字
 0000009A 20 5F 5F 5F 5F		startStr BYTE " _________    _      ____  _____ ___  ____   ____   ____  ______      ______     ___      ______ ____  ____ "
	   5F 5F 5F 5F 5F
	   20 20 20 20 5F
	   20 20 20 20 20
	   20 5F 5F 5F 5F
	   20 20 5F 5F 5F
	   5F 5F 20 5F 5F
	   5F 20 20 5F 5F
	   5F 5F 20 20 20
	   5F 5F 5F 5F 20
	   20 20 5F 5F 5F
	   5F 20 20 5F 5F
	   5F 5F 5F 5F 20
	   20 20 20 20 20
	   5F 5F 5F 5F 5F
	   5F 20 20 20 20
	   20 5F 5F 5F 20
	   20 20 20 20 20
	   5F 5F 5F 5F 5F
	   5F 20 5F 5F 5F
	   5F 20 20 5F 5F
	   5F 5F 20
 00000106  7C 20 20 5F 20				 BYTE "|  _   _  |  / \    |_   \|_   _|_  ||_  _| |_  _| |_  _.' ____ \    |_   _ \  .'   `.  .' ___  |_  _||_  _|"
	   20 20 5F 20 20
	   7C 20 20 2F 20
	   5C 20 20 20 20
	   7C 5F 20 20 20
	   5C 7C 5F 20 20
	   20 5F 7C 5F 20
	   20 7C 7C 5F 20
	   20 5F 7C 20 7C
	   5F 20 20 5F 7C
	   20 7C 5F 20 20
	   5F 2E 27 20 5F
	   5F 5F 5F 20 5C
	   20 20 20 20 7C
	   5F 20 20 20 5F
	   20 5C 20 20 2E
	   27 20 20 20 60
	   2E 20 20 2E 27
	   20 5F 5F 5F 20
	   20 7C 5F 20 20
	   5F 7C 7C 5F 20
	   20 5F 7C
 00000172  7C 5F 2F 20 7C				 BYTE "|_/ | | \_| / _ \     |   \ | |   | |_/ /     \ \   / / | (___ \_|     | |_) |/  .-.  \/ .'   \_| \ \  / /  " 
	   20 7C 20 5C 5F
	   7C 20 2F 20 5F
	   20 5C 20 20 20
	   20 20 7C 20 20
	   20 5C 20 7C 20
	   7C 20 20 20 7C
	   20 7C 5F 2F 20
	   2F 20 20 20 20
	   20 5C 20 5C 20
	   20 20 2F 20 2F
	   20 7C 20 28 5F
	   5F 5F 20 5C 5F
	   7C 20 20 20 20
	   20 7C 20 7C 5F
	   29 20 7C 2F 20
	   20 2E 2D 2E 20
	   20 5C 2F 20 2E
	   27 20 20 20 5C
	   5F 7C 20 5C 20
	   5C 20 20 2F 20
	   2F 20 20
 000001DE  20 20 20 20 7C				 BYTE "    | |    / ___ \    | |\ \| |   |  __'.      \ \ / /   _.____`.      |  __'.| |   | || |   ____  \ \/ /   " 
	   20 7C 20 20 20
	   20 2F 20 5F 5F
	   5F 20 5C 20 20
	   20 20 7C 20 7C
	   5C 20 5C 7C 20
	   7C 20 20 20 7C
	   20 20 5F 5F 27
	   2E 20 20 20 20
	   20 20 5C 20 5C
	   20 2F 20 2F 20
	   20 20 5F 2E 5F
	   5F 5F 5F 60 2E
	   20 20 20 20 20
	   20 7C 20 20 5F
	   5F 27 2E 7C 20
	   7C 20 20 20 7C
	   20 7C 7C 20 7C
	   20 20 20 5F 5F
	   5F 5F 20 20 5C
	   20 5C 2F 20 2F
	   20 20 20
 0000024A  20 20 20 5F 7C				 BYTE "   _| |_ _/ /   \ \_ _| |_\   |_ _| |  \ \_     \ ' /_  | \____) | _  _| |__) \  `-'  /\ `.___]  | _|  |_   " 
	   20 7C 5F 20 5F
	   2F 20 2F 20 20
	   20 5C 20 5C 5F
	   20 5F 7C 20 7C
	   5F 5C 20 20 20
	   7C 5F 20 5F 7C
	   20 7C 20 20 5C
	   20 5C 5F 20 20
	   20 20 20 5C 20
	   27 20 2F 5F 20
	   20 7C 20 5C 5F
	   5F 5F 5F 29 20
	   7C 20 5F 20 20
	   5F 7C 20 7C 5F
	   5F 29 20 5C 20
	   20 60 2D 27 20
	   20 2F 5C 20 60
	   2E 5F 5F 5F 5D
	   20 20 7C 20 5F
	   7C 20 20 7C 5F
	   20 20 20
 000002B6  20 20 7C 5F 5F				 BYTE "  |_____|____| |____|_____|\____|____||____|     \_/(_)  \______.'(_)|_______/ `.___.'  `._____.' |______|  "
	   5F 5F 5F 7C 5F
	   5F 5F 5F 7C 20
	   7C 5F 5F 5F 5F
	   7C 5F 5F 5F 5F
	   5F 7C 5C 5F 5F
	   5F 5F 7C 5F 5F
	   5F 5F 7C 7C 5F
	   5F 5F 5F 7C 20
	   20 20 20 20 5C
	   5F 2F 28 5F 29
	   20 20 5C 5F 5F
	   5F 5F 5F 5F 2E
	   27 28 5F 29 7C
	   5F 5F 5F 5F 5F
	   5F 5F 2F 20 60
	   2E 5F 5F 5F 2E
	   27 20 20 60 2E
	   5F 5F 5F 5F 5F
	   2E 27 20 7C 5F
	   5F 5F 5F 5F 5F
	   7C 20 20

					;印開始畫面的提示字
 00000322 50 72 65 73 73		enterMsg BYTE "Press ‘E’ to enter"
	   20 A1 A5 45 A1
	   A6 20 74 6F 20
	   65 6E 74 65 72
 00000336 50 72 65 73 73		leaveMsg BYTE "Press ‘L’ to leave"
	   20 A1 A5 4C A1
	   A6 20 74 6F 20
	   6C 65 61 76 65

					;印坦克
 0000034A 20 20 20 20 20		startTank BYTE "       \                "
	   20 20 5C 20 20
	   20 20 20 20 20
	   20 20 20 20 20
	   20 20 20 20
 00000362  20 20 20 20 20				  BYTE "       _\______         "
	   20 20 5F 5C 5F
	   5F 5F 5F 5F 5F
	   20 20 20 20 20
	   20 20 20 20
 0000037A  20 20 20 20 20				  BYTE "      /        \=======D"
	   20 2F 20 20 20
	   20 20 20 20 20
	   5C 3D 3D 3D 3D
	   3D 3D 3D 44
 00000392  20 5F 5F 5F 5F				  BYTE " ____|_HUA_TANK_\_____  "
	   7C 5F 48 55 41
	   5F 54 41 4E 4B
	   5F 5C 5F 5F 5F
	   5F 5F 20 20
 000003AA  2F 20 5F 5F 5F				  BYTE "/ ___WHERE_ARE_YOU?__ \ "
	   57 48 45 52 45
	   5F 41 52 45 5F
	   59 4F 55 3F 5F
	   5F 20 5C 20
 000003C2  5C 2F 20 5F 3D				  BYTE "\/ _===============_ \/ "
	   3D 3D 3D 3D 3D
	   3D 3D 3D 3D 3D
	   3D 3D 3D 3D 5F
	   20 5C 2F 20
 000003DA  20 20 5C 2D 3D				  BYTE "  \-===============-/   "
	   3D 3D 3D 3D 3D
	   3D 3D 3D 3D 3D
	   3D 3D 3D 3D 2D
	   2F 20 20 20
					;印Bogy
 000003F2 20 28 5C 5F 2F		startBogy BYTE " (\_/) "
	   29 20
 000003F9  20 7C 4F 76 4F				  BYTE " |OvO| "
	   7C 20
 00000400  2F 20 48 55 41				  BYTE "/ HUA \"
	   20 5C
 00000407  5C 7C 20 58 20				  BYTE "\| X |/"
	   7C 2F
 0000040E  20 7C 5F 7C 5F				  BYTE " |_|_| "
	   7C 20

 00000415 2A 2A 2A 2A 2A		gameIntro BYTE "*****************************************************************"
	   2A 2A 2A 2A 2A
	   2A 2A 2A 2A 2A
	   2A 2A 2A 2A 2A
	   2A 2A 2A 2A 2A
	   2A 2A 2A 2A 2A
	   2A 2A 2A 2A 2A
	   2A 2A 2A 2A 2A
	   2A 2A 2A 2A 2A
	   2A 2A 2A 2A 2A
	   2A 2A 2A 2A 2A
	   2A 2A 2A 2A 2A
	   2A 2A 2A 2A 2A
 00000456  2A 20 20 20 20	              BYTE "*                      Game Introduction:                       *"
	   20 20 20 20 20
	   20 20 20 20 20
	   20 20 20 20 20
	   20 20 20 47 61
	   6D 65 20 49 6E
	   74 72 6F 64 75
	   63 74 69 6F 6E
	   3A 20 20 20 20
	   20 20 20 20 20
	   20 20 20 20 20
	   20 20 20 20 20
	   20 20 20 20 2A
 00000497  2A 20 20 20 20	              BYTE "*            Control the Hua Tank to kill the Bogy.             *"
	   20 20 20 20 20
	   20 20 20 43 6F
	   6E 74 72 6F 6C
	   20 74 68 65 20
	   48 75 61 20 54
	   61 6E 6B 20 74
	   6F 20 6B 69 6C
	   6C 20 74 68 65
	   20 42 6F 67 79
	   2E 20 20 20 20
	   20 20 20 20 20
	   20 20 20 20 2A
 000004D8  2A 20 20 20 20	              BYTE "*             Don't let Bogy cross the green line,              *"
	   20 20 20 20 20
	   20 20 20 20 44
	   6F 6E 27 74 20
	   6C 65 74 20 42
	   6F 67 79 20 63
	   72 6F 73 73 20
	   74 68 65 20 67
	   72 65 65 6E 20
	   6C 69 6E 65 2C
	   20 20 20 20 20
	   20 20 20 20 20
	   20 20 20 20 2A
 00000519  2A 20 20 20 20				  BYTE "*                or your life will shock down!!                 *"
	   20 20 20 20 20
	   20 20 20 20 20
	   20 20 6F 72 20
	   79 6F 75 72 20
	   6C 69 66 65 20
	   77 69 6C 6C 20
	   73 68 6F 63 6B
	   20 64 6F 77 6E
	   21 21 20 20 20
	   20 20 20 20 20
	   20 20 20 20 20
	   20 20 20 20 2A
 0000055A  2A 20 20 20 53	              BYTE "*   Start with 3 lives, once the live reaches zero, you lose!!  *"
	   74 61 72 74 20
	   77 69 74 68 20
	   33 20 6C 69 76
	   65 73 2C 20 6F
	   6E 63 65 20 74
	   68 65 20 6C 69
	   76 65 20 72 65
	   61 63 68 65 73
	   20 7A 65 72 6F
	   2C 20 79 6F 75
	   20 6C 6F 73 65
	   21 21 20 20 2A
 0000059B  2A 20 20 20 20	              BYTE "*     Kill the last monsters, if you still alive, you win!!     *"
	   20 4B 69 6C 6C
	   20 74 68 65 20
	   6C 61 73 74 20
	   6D 6F 6E 73 74
	   65 72 73 2C 20
	   69 66 20 79 6F
	   75 20 73 74 69
	   6C 6C 20 61 6C
	   69 76 65 2C 20
	   79 6F 75 20 77
	   69 6E 21 21 20
	   20 20 20 20 2A
 000005DC  2A 20 20 20 20	              BYTE "*                                                               *"
	   20 20 20 20 20
	   20 20 20 20 20
	   20 20 20 20 20
	   20 20 20 20 20
	   20 20 20 20 20
	   20 20 20 20 20
	   20 20 20 20 20
	   20 20 20 20 20
	   20 20 20 20 20
	   20 20 20 20 20
	   20 20 20 20 20
	   20 20 20 20 2A
 0000061D  2A 20 20 20 20	              BYTE "*                   How to control the tank:                    *"
	   20 20 20 20 20
	   20 20 20 20 20
	   20 20 20 20 20
	   48 6F 77 20 74
	   6F 20 63 6F 6E
	   74 72 6F 6C 20
	   74 68 65 20 74
	   61 6E 6B 3A 20
	   20 20 20 20 20
	   20 20 20 20 20
	   20 20 20 20 20
	   20 20 20 20 2A
 0000065E  2A 20 20 20 20	              BYTE "*               + press 'up'    to move up                      *"
	   20 20 20 20 20
	   20 20 20 20 20
	   20 2B 20 70 72
	   65 73 73 20 27
	   75 70 27 20 20
	   20 20 74 6F 20
	   6D 6F 76 65 20
	   75 70 20 20 20
	   20 20 20 20 20
	   20 20 20 20 20
	   20 20 20 20 20
	   20 20 20 20 2A
 0000069F  2A 20 20 20 20	              BYTE "*               + press 'down'  to move down                    *"
	   20 20 20 20 20
	   20 20 20 20 20
	   20 2B 20 70 72
	   65 73 73 20 27
	   64 6F 77 6E 27
	   20 20 74 6F 20
	   6D 6F 76 65 20
	   64 6F 77 6E 20
	   20 20 20 20 20
	   20 20 20 20 20
	   20 20 20 20 20
	   20 20 20 20 2A
 000006E0  2A 20 20 20 20	              BYTE "*               + press 'right' to fire bullet                  *"
	   20 20 20 20 20
	   20 20 20 20 20
	   20 2B 20 70 72
	   65 73 73 20 27
	   72 69 67 68 74
	   27 20 74 6F 20
	   66 69 72 65 20
	   62 75 6C 6C 65
	   74 20 20 20 20
	   20 20 20 20 20
	   20 20 20 20 20
	   20 20 20 20 2A
 00000721  2A 20 20 20 20	              BYTE "*                                                               *"
	   20 20 20 20 20
	   20 20 20 20 20
	   20 20 20 20 20
	   20 20 20 20 20
	   20 20 20 20 20
	   20 20 20 20 20
	   20 20 20 20 20
	   20 20 20 20 20
	   20 20 20 20 20
	   20 20 20 20 20
	   20 20 20 20 20
	   20 20 20 20 2A
 00000762  2A 20 20 20 20	              BYTE "*                         How to play:                          *"
	   20 20 20 20 20
	   20 20 20 20 20
	   20 20 20 20 20
	   20 20 20 20 20
	   20 48 6F 77 20
	   74 6F 20 70 6C
	   61 79 3A 20 20
	   20 20 20 20 20
	   20 20 20 20 20
	   20 20 20 20 20
	   20 20 20 20 20
	   20 20 20 20 2A
 000007A3  2A 20 20 20 20	              BYTE "*               + press 'space' to start game                   *"
	   20 20 20 20 20
	   20 20 20 20 20
	   20 2B 20 70 72
	   65 73 73 20 27
	   73 70 61 63 65
	   27 20 74 6F 20
	   73 74 61 72 74
	   20 67 61 6D 65
	   20 20 20 20 20
	   20 20 20 20 20
	   20 20 20 20 20
	   20 20 20 20 2A
 000007E4  2A 20 20 20 20	              BYTE "*               + press 'P'     to pause game                   *"
	   20 20 20 20 20
	   20 20 20 20 20
	   20 2B 20 70 72
	   65 73 73 20 27
	   50 27 20 20 20
	   20 20 74 6F 20
	   70 61 75 73 65
	   20 67 61 6D 65
	   20 20 20 20 20
	   20 20 20 20 20
	   20 20 20 20 20
	   20 20 20 20 2A
 00000825  2A 2A 2A 2A 2A	              BYTE "*****************************************************************"
	   2A 2A 2A 2A 2A
	   2A 2A 2A 2A 2A
	   2A 2A 2A 2A 2A
	   2A 2A 2A 2A 2A
	   2A 2A 2A 2A 2A
	   2A 2A 2A 2A 2A
	   2A 2A 2A 2A 2A
	   2A 2A 2A 2A 2A
	   2A 2A 2A 2A 2A
	   2A 2A 2A 2A 2A
	   2A 2A 2A 2A 2A
	   2A 2A 2A 2A 2A

 00000866 20 20 5F 5F 20		gameTank  BYTE "  __    "
	   20 20 20
 0000086E  20 48 75 61 5C				  BYTE " Hua\==D"
	   3D 3D 44
 00000876  28 54 61 6E 6B				  BYTE "(Tank)  "
	   29 20 20

 0000087E 20 20 20 20 20		clearTank BYTE "        "
	   20 20 20
 00000886  20 20 20 20 20				  BYTE "        "
	   20 20 20
 0000088E  20 20 20 20 20				  BYTE "        "
	   20 20 20

 00000896 28 5C 5F 2F 29		gameBogy  BYTE "(\_/)"
 0000089B  7C 4F 76 4F 7C				  BYTE "|OvO|"
 000008A0  7C 5F 7C 5F 7C				  BYTE "|_|_|"

 000008A5 20 20 20 20 20		clearBogy BYTE "     "
 000008AA  20 20 20 20 20				  BYTE "     "
 000008AF  20 20 20 20 20				  BYTE "     "

 000008B4 4E 4F 57 4F 52		bullet BYTE "NOWORK",0
	   4B 00
 000008BB 20 20 20 20 20		clearBullet BYTE "      ",0
	   20 00

 000008C2 7C 00				line BYTE "|",0
 000008C4 000A				greenColor WORD 0Ah

 000008C6 000E				yellowColor WORD 0Eh

 000008C8 4C 65 76 65 6C		level BYTE "Level: ",0
	   3A 20 00
 000008D0 53 74 61 74 65		state BYTE "State: ",0
	   3A 20 00
 000008D8 53 63 6F 72 65		score BYTE "Score: ",0
	   3A 20 00
 000008E0 4C 69 76 65 73		lives BYTE "Lives: ",0
	   3A 20 00
 000008E8 42 6F 67 69 65		bogys BYTE "Bogies:",0
	   73 3A 00

 000008F0 0001				levelNum WORD 1
 000008F2  00000004 [			levelStr BYTE 4 DUP(?)
	    00
	   ]

 000008F6 50 61 75 73 65		paused BYTE "Paused ",0
	   64 20 00
 000008FE 50 6C 61 79 69		playing BYTE "Playing",0
	   6E 67 00

 00000906 0000				scoreNum WORD 0
 00000908  00000004 [			scoreStr BYTE 4 DUP(?)
	    00
	   ]

 0000090C 000A				livesNum WORD 10
 0000090E  00000004 [			livesStr BYTE 4 DUP(?)
	    00
	   ]
					
 00000912 0005				bogysNum WORD 5
 00000914  00000004 [			bogysStr BYTE 4 DUP(?)
	    00
	   ]

 00000918  0000006E [			gameBgTB BYTE 110 DUP("*"),0
	    2A
	   ] 00
 00000987 2A				gameBgM  BYTE "*", 108 DUP(" "), "*",0	  
	   0000006C [
	    20
	   ] 2A 00

 00000000			.code

 00000000			main PROC
					INVOKE GetstdHandle, STD_OUTPUT_HANDLE
 00000007  A3 0000001A R		mov consoleHandle, eax
					
					INVOKE SetConsoleTitle, ADDR windowTitleStr			; 設定視窗標題
					
					INVOKE SetConsoleWindowInfo,						; 設定視窗大小
				     	consoleHandle,
				     	TRUE,
				     	ADDR windowBound
					
					INVOKE printStartScene

 0000002D			Ex:	.IF ebx == 4        ;直接離開
 00000032  E8 00000000 E			call Clrscr
 00000037  E9 00000438				jmp ExitProgram
					.ENDIF

					;print test Bogy

 0000003C  BB 00000001			mov ebx, 1 ; 進入遊戲

 00000041			GameLoop:
					INVOKE tankWalking, xyPosTank
 0000004C  E8 00000000 E		call ReadKey

					.IF ax == 4800h
						INVOKE tankClear, xyPosTank
 00000062  66| 83 2D				sub xyPosTank.y, 1
	   00000024 R 01
						INVOKE tankWalking, xyPosTank
					.ENDIF

					.IF ax == 5000h
						INVOKE tankClear, xyPosTank
 00000086  66| 83 05				add xyPosTank.y, 1
	   00000024 R 01
						INVOKE tankWalking, xyPosTank
					.ENDIF

					.IF ax == 4D00h
						.IF xyPosTank.y == 15
 000000A9  66| C7 05					mov N10, 1
	   0000007A R
	   0001
						.ENDIF
						.IF xyPosTank.y == 16
 000000BC  66| C7 05					mov N11, 1
	   0000007C R
	   0001
						.ENDIF
					.ENDIF

					.IF N10 == 1
						INVOKE noWorkWalking, xyPosNoWork10 
					.ENDIF

					.IF N11 == 1
						INVOKE noWorkWalking, xyPosNoWork11 
					.ENDIF

					.IF xyPosBogy0.x < 107
						INVOKE bogyWalking, xyPosBogy0
					.ENDIF
					.IF xyPosBogy1.x < 107
						INVOKE bogyWalking, xyPosBogy1
					.ENDIF
					.IF xyPosBogy2.x < 107
						INVOKE bogyWalking, xyPosBogy2
					.ENDIF
					.IF xyPosBogy3.x < 107
						INVOKE bogyWalking, xyPosBogy3
					.ENDIF
					.IF xyPosBogy4.x < 107
						INVOKE bogyWalking, xyPosBogy4
					.ENDIF
					.IF xyPosBogy5.x < 107
						INVOKE bogyWalking, xyPosBogy5
					.ENDIF

 0000016D  50				push eax
 0000016E  B8 000001F4			mov eax, 500
 00000173  E8 00000000 E		call Delay
 00000178  58				pop eax

					.IF xyPosBogy0.x < 107
						INVOKE bogyClear, xyPosBogy0
					.ENDIF
					.IF xyPosBogy1.x < 107
						INVOKE bogyClear, xyPosBogy1
					.ENDIF
					.IF xyPosBogy2.x < 107
						INVOKE bogyClear, xyPosBogy2
					.ENDIF
					.IF xyPosBogy3.x < 107
						INVOKE bogyClear, xyPosBogy3
					.ENDIF
					.IF xyPosBogy4.x < 107
						INVOKE bogyClear, xyPosBogy4
					.ENDIF
					.IF xyPosBogy5.x < 107
						INVOKE bogyClear, xyPosBogy5
					.ENDIF

					.IF N10 == 1
						INVOKE noWorkClear, xyPosNoWork10 
					.ENDIF

					.IF N11 == 1
						INVOKE noWorkClear, xyPosNoWork11 
					.ENDIF

					
					INVOKE printGreenLine, xyPos
 0000022C  66| 83 2D			sub xyPosBogy0.x, 1
	   0000007E R 01
 00000234  66| 83 2D			sub xyPosBogy1.x, 1
	   00000082 R 01
 0000023C  66| 83 2D			sub xyPosBogy2.x, 1
	   00000086 R 01
 00000244  66| 83 2D			sub xyPosBogy3.x, 1
	   0000008A R 01
 0000024C  66| 83 2D			sub xyPosBogy4.x, 1
	   0000008E R 01
 00000254  66| 83 2D			sub xyPosBogy5.x, 1
	   00000092 R 01

					.IF N10 == 1
 00000266  66| 83 05				add xyPosNoWork10.x, 1
	   0000004E R 01
						.IF xyPosNoWork10.x > 106
 00000278  66| C7 05					mov N10, 0
	   0000007A R
	   0000
 00000281  66| C7 05					mov xyPosNoWork10.x, 15
	   0000004E R
	   000F
						.ENDIF
					.ENDIF

					.IF N11 == 1
 00000294  66| 83 05				add xyPosNoWork11.x, 1
	   00000052 R 01
 0000029C  50					push eax
 0000029D  66| A1				mov ax, xyPosBogy3.x
	   0000008A R
 000002A3  66| 83 E8 06				sub ax, 6
						.IF xyPosNoWork11.x >= ax
 000002B0  66| C7 05					mov N11, 0
	   0000007C R
	   0000
 000002B9  66| C7 05					mov xyPosNoWork11.x, 15
	   00000052 R
	   000F
 000002C2  66| 83 05					add scoreNum, 10
	   00000906 R 0A
 000002CA  66| 83 2D					sub bogysNum, 1
	   00000912 R 01
							INVOKE printScore, xyPos
							INVOKE printBogys, xyPos
 000002E8  66| C7 05					mov xyPosBogy3.x, 110
	   0000008A R
	   006E
						.ENDIF
 000002F1  58					pop eax
						.IF xyPosNoWork11.x > 106
 000002FC  66| C7 05					mov N11, 0
	   0000007C R
	   0000
 00000305  66| C7 05					mov xyPosNoWork11.x, 15
	   00000052 R
	   000F
						.ENDIF
					.ENDIF
					
					.IF xyPosBogy0.x < 16
 00000318  66| C7 05				mov xyPosBogy0.x, 107
	   0000007E R
	   006B
 00000321  66| 83 2D				sub livesNum, 1
	   0000090C R 01
						INVOKE printLives, xyPos
						.IF livesNum == 0
 0000033E  BB 00000004					mov ebx, 4 ;之後要改3
 00000343  E9 FFFFFCE5					jmp Ex		
						.ENDIF
					.ENDIF
					.IF xyPosBogy1.x < 16
 00000352  66| C7 05				mov xyPosBogy1.x, 107
	   00000082 R
	   006B
 0000035B  66| 83 2D				sub livesNum, 1
	   0000090C R 01
						INVOKE printLives, xyPos
						.IF livesNum == 0
 00000378  BB 00000004					mov ebx, 4 ;之後要改3
 0000037D  E9 FFFFFCAB					jmp Ex		
						.ENDIF
					.ENDIF
					.IF xyPosBogy2.x < 16
 0000038C  66| C7 05				mov xyPosBogy2.x, 107
	   00000086 R
	   006B
 00000395  66| 83 2D				sub livesNum, 1
	   0000090C R 01
						INVOKE printLives, xyPos
						.IF livesNum == 0
 000003B2  BB 00000004					mov ebx, 4 ;之後要改3
 000003B7  E9 FFFFFC71					jmp Ex		
						.ENDIF
					.ENDIF
					.IF xyPosBogy3.x < 16
 000003C6  66| C7 05				mov xyPosBogy3.x, 107
	   0000008A R
	   006B
 000003CF  66| 83 2D				sub livesNum, 1
	   0000090C R 01
						INVOKE printLives, xyPos
						.IF livesNum == 0
 000003EC  BB 00000004					mov ebx, 4 ;之後要改3
 000003F1  E9 FFFFFC37					jmp Ex		
						.ENDIF
					.ENDIF
					.IF xyPosBogy4.x < 16
 00000400  66| C7 05				mov xyPosBogy4.x, 107
	   0000008E R
	   006B
 00000409  66| 83 2D				sub livesNum, 1
	   0000090C R 01
						INVOKE printLives, xyPos
						.IF livesNum == 0
 00000426  BB 00000004					mov ebx, 4 ;之後要改3
 0000042B  E9 FFFFFBFD					jmp Ex		
						.ENDIF
					.ENDIF
					.IF xyPosBogy5.x < 16
 0000043A  66| C7 05				mov xyPosBogy5.x, 107
	   00000092 R
	   006B
 00000443  66| 83 2D				sub livesNum, 1
	   0000090C R 01
						INVOKE printLives, xyPos
						.IF livesNum == 0
 00000460  BB 00000004					mov ebx, 4 ;之後要改3
 00000465  E9 FFFFFBC3					jmp Ex		
						.ENDIF
					.ENDIF
					
 0000046A  E9 FFFFFBD2			jmp GameLoop



 0000046F  E8 00000000 E		call WaitMsg

 00000474			ExitProgram:
					exit
 0000047B			main ENDP

 0000047B			printStartScene PROC
					LOCAL cursorInfo:CONSOLE_CURSOR_INFO
 00000481  C7 45 F8			mov cursorInfo.dwSize, 100
	   00000064
 00000488  C7 45 FC			mov cursorInfo.bVisible, 0
	   00000000
					INVOKE SetConsoleCursorInfo,
				    	consoleHandle,
				        ADDR cursorInfo

					; 清空畫面
 0000049E  E8 00000000 E		call Clrscr

 000004A3  B9 00000006			mov ecx, 6
 000004A8  BE 00000000			mov esi, 0

				; 印開始畫面的標題
 000004AD			ShowStartStr:
 000004AD  51				push ecx
					INVOKE WriteConsoleOutputCharacter,
						consoleHandle,
						ADDR [startStr + esi],
						108,
						xyPos,
						ADDR cells_Written

 000004CD  83 C6 6C			add esi, 108
 000004D0  66| FF 05			inc xyPos.y
	   00000020 R
 000004D7  59				pop ecx
 000004D8  E2 D3			loop ShowStartStr

				; 印開始畫面的選項
 000004DA			PrintOption:
 000004DA  66| 83 05		    add xyPos.y, 7
	   00000020 R 07
 000004E2  66| 83 05		    add xyPos.x, 48
	   0000001E R 30

				    INVOKE WriteConsoleOutputCharacter,
				        consoleHandle,
				        ADDR enterMsg,
				        SIZEOF enterMsg,
				        xyPos,
				        ADDR cells_Written

 00000507  66| 83 05		    add xyPos.y, 2
	   00000020 R 02

				    INVOKE WriteConsoleOutputCharacter,
				        consoleHandle,
				        ADDR LeaveMsg,
				        SIZEOF LeaveMsg,
				        xyPos,
				        ADDR cells_Written

 0000052C  B9 00000007			mov ecx, 7
 00000531  BE 00000000			mov esi, 0
 00000536  66| C7 05			mov xyPos.x, 20
	   0000001E R
	   0014
 0000053F  66| C7 05			mov xyPos.y, 15
	   00000020 R
	   000F

 00000548			PrintStartTank:
 00000548  51				push ecx
					INVOKE WriteConsoleOutputCharacter,
						consoleHandle,
						ADDR [startTank + esi],
						24,
						xyPos,
						ADDR cells_Written

 00000568  83 C6 18			add esi, 24
 0000056B  66| FF 05			inc xyPos.y
	   00000020 R
 00000572  59				pop ecx
 00000573  E2 D3			loop PrintStartTank

 00000575  B9 00000005			mov ecx, 5
 0000057A  BE 00000000			mov esi, 0
 0000057F  66| C7 05			mov xyPos.x, 85
	   0000001E R
	   0055
 00000588  66| C7 05			mov xyPos.y, 16
	   00000020 R
	   0010

 00000591			PrintStartBogy:
 00000591  51				push ecx
					INVOKE WriteConsoleOutputCharacter,
						consoleHandle,
						ADDR [startBogy + esi],
						7,
						xyPos,
						ADDR cells_Written

 000005B1  83 C6 07			add esi, 7
 000005B4  66| FF 05			inc xyPos.y
	   00000020 R
 000005BB  59				pop ecx
 000005BC  E2 D3			loop PrintStartBogy

 000005BE			StartOrNot:
 000005BE  E8 00000000 E	    call ReadChar

					.IF ax == 1265h     ;press e to start game
 000005C9  E8 00000000 E	        call Clrscr
 000005CE  66| C7 05				mov xyPos.x, 28
	   0000001E R
	   001C
 000005D7  66| C7 05				mov xyPos.y, 7
	   00000020 R
	   0007

 000005E0  B9 00000011				mov ecx, 17
 000005E5  BE 00000000				mov esi, 0
 000005EA  EB 0F				jmp PrintIntro
				    .ENDIF
				    .IF ax == 266ch     ;press l to leave
 000005F2  BB 00000004				mov ebx, 4
				        ret
				    .ENDIF
 000005F9  EB C3			jmp StartOrNot

 000005FB			PrintIntro:
 000005FB  51				push ecx
					INVOKE WriteConsoleOutputCharacter,
						consoleHandle,
						ADDR [gameIntro + esi],
						65,
						xyPos,
						ADDR cells_Written

 0000061B  83 C6 41			add esi, 65
 0000061E  66| FF 05			inc xyPos.y
	   00000020 R
 00000625  59				pop ecx
 00000626  E2 D3			loop PrintIntro

 00000628			GameOrNot:
 00000628  E8 00000000 E	    call ReadChar
					.IF ax == 3920h     ;press space to start game
 00000633  E8 00000000 E	        call Clrscr
 00000638  66| C7 05				mov xyPos.x, 5
	   0000001E R
	   0005
 00000641  66| C7 05				mov xyPos.y, 4
	   00000020 R
	   0004
 0000064A  EB 02				jmp PrintGameSceneTop
					.ENDIF
 0000064C  EB DA			jmp GameOrNot

 0000064E			PrintGameSceneTop:
					INVOKE WriteConsoleOutputCharacter,
						consoleHandle,
						ADDR gameBgTB,
						110,
						xyPos,
						ADDR cells_Written
 0000066B  66| FF 05			inc xyPos.y
	   00000020 R

 00000672  B9 00000018			mov ecx, 24
 00000677			PrintGameScene:
 00000677  51				push ecx
					INVOKE WriteConsoleOutputCharacter,
						consoleHandle,
						ADDR gameBgM,
						110,
						xyPos,
						ADDR cells_Written
 00000695  66| FF 05			inc xyPos.y
	   00000020 R
 0000069C  59				pop ecx
 0000069D  E2 D8			loop PrintGameScene

					INVOKE WriteConsoleOutputCharacter,
						consoleHandle,
						ADDR gameBgTB,
						110,
						xyPos,
						ADDR cells_Written
 000006BC  66| FF 05			inc xyPos.y
	   00000020 R

					INVOKE printGreenLine, xyPos
					
 000006CE			PrintBar:
 000006CE  66| C7 05			mov xyPos.x, 5
	   0000001E R
	   0005
 000006D7  66| C7 05			mov xyPos.y, 2
	   00000020 R
	   0002
					INVOKE WriteConsoleOutputCharacter,
						consoleHandle,
						ADDR level,
						SIZEOF level,
						xyPos,
						ADDR cells_Written

					INVOKE printLevel, xyPos

 00000708  66| C7 05			mov xyPos.x, 29
	   0000001E R
	   001D
					INVOKE WriteConsoleOutputCharacter,
						consoleHandle,
						ADDR state,
						SIZEOF state,
						xyPos,
						ADDR cells_Written
					
 0000072E  66| C7 05			mov xyPos.x, 56
	   0000001E R
	   0038
					INVOKE WriteConsoleOutputCharacter,
						consoleHandle,
						ADDR score,
						SIZEOF score,
						xyPos,
						ADDR cells_Written

					INVOKE printScore, xyPos

 0000075F  66| C7 05			mov xyPos.x, 80
	   0000001E R
	   0050
					INVOKE WriteConsoleOutputCharacter,
						consoleHandle,
						ADDR lives,
						SIZEOF lives,
						xyPos,
						ADDR cells_Written

					INVOKE printLives, xyPos

 00000790  66| C7 05			mov xyPos.x, 104
	   0000001E R
	   0068
					INVOKE WriteConsoleOutputCharacter,
						consoleHandle,
						ADDR bogys,
						SIZEOF bogys,
						xyPos,
						ADDR cells_Written

					INVOKE printBogys, xyPos

					ret
 000007C3			printStartScene ENDP

 000007C3			printLevel PROC,
					xyPosInit:COORD
 000007C6  66| C7 45 08			mov xyPosInit.x, 12
	   000C
 000007CC  66| C7 45 0A			mov xyPosInit.y, 2
	   0002

 000007D2  66| 8B 15			mov dx, levelNum
	   000008F0 R
					INVOKE decStrLevel, dx

					INVOKE WriteConsoleOutputCharacter,
						consoleHandle,
						ADDR levelStr,
						4,
						xyPosInit,
						ADDR cells_Written
					ret
 00000801			printLevel ENDP

 00000801			printScore PROC,
					xyPosInit:COORD
 00000804  66| C7 45 08			mov xyPosInit.x, 63
	   003F
 0000080A  66| C7 45 0A			mov xyPosInit.y, 2
	   0002

 00000810  66| 8B 15			mov dx, scoreNum
	   00000906 R
					INVOKE decStrScore, dx

					INVOKE WriteConsoleOutputCharacter,
						consoleHandle,
						ADDR scoreStr,
						4,
						xyPosInit,
						ADDR cells_Written
					ret
 0000083F			printScore ENDP

 0000083F			printLives PROC,
					xyPosInit:COORD
 00000842  66| C7 45 08			mov xyPosInit.x, 87
	   0057
 00000848  66| C7 45 0A			mov xyPosInit.y, 2
	   0002

 0000084E  66| 8B 15			mov dx, livesNum
	   0000090C R
					INVOKE decStrLives, dx

					INVOKE WriteConsoleOutputCharacter,
						consoleHandle,
						ADDR livesStr,
						4,
						xyPosInit,
						ADDR cells_Written
					ret
 0000087D			printLives ENDP

 0000087D			printBogys PROC,
					xyPosInit:COORD
 00000880  66| C7 45 08			mov xyPosInit.x, 111
	   006F
 00000886  66| C7 45 0A			mov xyPosInit.y, 2
	   0002

 0000088C  66| 8B 15			mov dx, bogysNum
	   00000912 R
					INVOKE decStrBogys, dx

					INVOKE WriteConsoleOutputCharacter,
						consoleHandle,
						ADDR bogysStr,
						4,
						xyPosInit,
						ADDR cells_Written
					ret
 000008BB			printBogys ENDP

 000008BB			bogyWalking PROC,
					xyPosInBogy:COORD
 000008BE  B9 00000003			mov ecx, 3
 000008C3  BE 00000000			mov esi, 0

					;mov ebx, xyPosInBogy.y
 000008C8			printBogy:
 000008C8  51				push ecx
					INVOKE WriteConsoleOutputCharacter,
						consoleHandle,
						ADDR [gameBogy + esi],
						5,
						xyPosInBogy,
						ADDR cells_Written
 000008E5  83 C6 05			add esi, 5
 000008E8  66| FF 45 0A			inc xyPosInBogy.y
 000008EC  59				pop ecx
 000008ED  E2 D9			loop printBogy
					
					ret
 000008F3			bogyWalking ENDP

 000008F3			bogyClear PROC,
					xyPosInBogy:COORD
 000008F6  B9 00000003			mov ecx, 3
 000008FB  BE 00000000			mov esi, 0
 00000900			removeBogy:
 00000900  51				push ecx
					INVOKE WriteConsoleOutputCharacter,
						consoleHandle,
						ADDR [clearBogy + esi],
						5,
						xyPosInBogy,
						ADDR cells_Written
 0000091D  83 C6 05			add esi, 5
 00000920  66| FF 45 0A			inc xyPosInBogy.y
 00000924  59				pop ecx
 00000925  E2 D9			loop removeBogy
					ret
 0000092B			bogyClear ENDP

 0000092B			tankWalking PROC,
					xyPosInit:COORD
 0000092E  B9 00000003			mov ecx, 3
 00000933  BE 00000000			mov esi, 0

					;mov ebx, xyPosInit.y
 00000938			printTank:
 00000938  51				push ecx
					INVOKE WriteConsoleOutputCharacter,
						consoleHandle,
						ADDR [gameTank + esi],
						8,
						xyPosInit,
						ADDR cells_Written
 00000955  83 C6 08			add esi, 8
 00000958  66| FF 45 0A			inc xyPosInit.y
 0000095C  59				pop ecx
 0000095D  E2 D9			loop printTank
					ret
 00000963			tankWalking ENDP

 00000963			tankClear PROC,
					xyPosInit:COORD
 00000966  B9 00000003			mov ecx, 3
 0000096B  BE 00000000			mov esi, 0
 00000970			removeTank:
 00000970  51				push ecx
					INVOKE WriteConsoleOutputCharacter,
						consoleHandle,
						ADDR [clearTank + esi],
						8,
						xyPosInit,
						ADDR cells_Written
 0000098D  83 C6 08			add esi, 8
 00000990  66| FF 45 0A			inc xyPosInit.y
 00000994  59				pop ecx
 00000995  E2 D9			loop removeTank
					ret
 0000099B			tankClear ENDP

 0000099B			noWorkWalking PROC,
					xyPosInit:COORD
 0000099E			printNoWork:
 0000099E  51				push ecx
					INVOKE WriteConsoleOutputCharacter,
						consoleHandle,
						ADDR bullet,
						SIZEOF bullet,
						xyPosInit,
						ADDR cells_Written
 000009B9  59				pop ecx
					ret
 000009BE			noWorkWalking ENDP

 000009BE			noWorkClear PROC,
					xyPosInit:COORD
 000009C1			removeNoWork:
 000009C1  51				push ecx
					INVOKE WriteConsoleOutputCharacter,
						consoleHandle,
						ADDR clearBullet,
						SIZEOF clearBullet,
						xyPosInit,
						ADDR cells_Written
 000009DC  59				pop ecx
					ret
 000009E1			noWorkClear ENDP

 000009E1			printGreenLine PROC,
					xyPosInLine:COORD
 000009E4  66| C7 45 08			mov xyPosInLine.x, 20
	   0014
 000009EA  66| C7 45 0A			mov xyPosInLine.y, 5
	   0005

 000009F0  B9 00000018			mov ecx, 24
 000009F5  BE 00000000			mov esi, 0
 000009FA			PrintLine:
 000009FA  51				push ecx
					INVOKE WriteConsoleOutputAttribute,
						consoleHandle,
						ADDR greenColor,
						1,
						xyPosInLine,
						ADDR cells_Written

					INVOKE WriteConsoleOutputCharacter,
						consoleHandle,
						ADDR line,
						1,
						xyPosInLine,
						ADDR cells_Written
 00000A2F  66| FF 45 0A			inc xyPosInLine.y
 00000A33  59				pop ecx
 00000A34  E2 C4			loop PrintLine
					ret
 00000A3A			printGreenLine ENDP

 00000A3A			decStrLevel PROC,
					levelNumDec:WORD
 00000A3D  B9 00000004			mov ecx, 4					;WORD型態最高4位數
 00000A42  B2 0A			mov dl, 10					;除數
 00000A44  66| 8B 45 08			mov ax, levelNumDec			;被除數
 00000A48			change:
 00000A48  51				push ecx
 00000A49  F6 F2			div dl
 00000A4B  80 C4 30			add ah, '0'					;餘數轉成字存到levelNum_inLevel
 00000A4E  49				dec ecx
 00000A4F  88 A1 000008F2 R		mov [levelStr + ecx], ah
 00000A55  66| 0F B6 C0			movzx ax, al				;商繼續除
 00000A59  59				pop ecx
 00000A5A  E2 EC			loop change
					ret
 00000A60			decStrLevel ENDP

 00000A60			decStrScore PROC,
					scoreNumDec:WORD
 00000A63  B9 00000004			mov ecx, 4					;WORD型態最高4位數
 00000A68  B2 0A			mov dl, 10					;除數
 00000A6A  66| 8B 45 08			mov ax, scoreNumDec			;被除數
 00000A6E			change:
 00000A6E  51				push ecx
 00000A6F  F6 F2			div dl
 00000A71  80 C4 30			add ah, '0'					;餘數轉成字存到levelNum_inLevel
 00000A74  49				dec ecx
 00000A75  88 A1 00000908 R		mov [scoreStr + ecx], ah
 00000A7B  66| 0F B6 C0			movzx ax, al				;商繼續除
 00000A7F  59				pop ecx
 00000A80  E2 EC			loop change
					ret
 00000A86			decStrScore ENDP

 00000A86			decStrLives PROC,
					livesNumDec:WORD
 00000A89  B9 00000004			mov ecx, 4					;WORD型態最高4位數
 00000A8E  B2 0A			mov dl, 10					;除數
 00000A90  66| 8B 45 08			mov ax, livesNumDec			;被除數
 00000A94			change:
 00000A94  51				push ecx
 00000A95  F6 F2			div dl
 00000A97  80 C4 30			add ah, '0'					;餘數轉成字存到levelNum_inLevel
 00000A9A  49				dec ecx
 00000A9B  88 A1 0000090E R		mov [livesStr + ecx], ah
 00000AA1  66| 0F B6 C0			movzx ax, al				;商繼續除
 00000AA5  59				pop ecx
 00000AA6  E2 EC			loop change
					ret
 00000AAC			decStrLives ENDP

 00000AAC			decStrBogys PROC,
					bogysNumDec:WORD
 00000AAF  B9 00000004			mov ecx, 4					;WORD型態最高4位數
 00000AB4  B2 0A			mov dl, 10					;除數
 00000AB6  66| 8B 45 08			mov ax, bogysNumDec			;被除數
 00000ABA			change:
 00000ABA  51				push ecx
 00000ABB  F6 F2			div dl
 00000ABD  80 C4 30			add ah, '0'					;餘數轉成字存到levelNum_inLevel
 00000AC0  49				dec ecx
 00000AC1  88 A1 00000914 R		mov [bogysStr + ecx], ah
 00000AC7  66| 0F B6 C0			movzx ax, al				;商繼續除
 00000ACB  59				pop ecx
 00000ACC  E2 EC			loop change
					ret
 00000AD2			decStrBogys ENDP

				END main
Microsoft (R) Macro Assembler Version 14.33.31630.0	    12/18/22 06:32:14
main.asm						     Symbols 2 - 1




Structures and Unions:

                N a m e                  Size
                                         Offset      Type

CONSOLE_CURSOR_INFO  . . . . . .	 00000008
  dwSize . . . . . . . . . . . .	 00000000	 DWord
  bVisible . . . . . . . . . . .	 00000004	 DWord
CONSOLE_SCREEN_BUFFER_INFO . . .	 00000016
  dwSize . . . . . . . . . . . .	 00000000	 DWord
  dwCursorPosition . . . . . . .	 00000004	 DWord
  wAttributes  . . . . . . . . .	 00000008	 Word
  srWindow . . . . . . . . . . .	 0000000A	 QWord
  dwMaximumWindowSize  . . . . .	 00000012	 DWord
COORD  . . . . . . . . . . . . .	 00000004
  X  . . . . . . . . . . . . . .	 00000000	 Word
  Y  . . . . . . . . . . . . . .	 00000002	 Word
FILETIME . . . . . . . . . . . .	 00000008
  loDateTime . . . . . . . . . .	 00000000	 DWord
  hiDateTime . . . . . . . . . .	 00000004	 DWord
FOCUS_EVENT_RECORD . . . . . . .	 00000004
  bSetFocus  . . . . . . . . . .	 00000000	 DWord
FPU_ENVIRON  . . . . . . . . . .	 0000001C
  controlWord  . . . . . . . . .	 00000000	 Word
  statusWord . . . . . . . . . .	 00000004	 Word
  tagWord  . . . . . . . . . . .	 00000008	 Word
  instrPointerOffset . . . . . .	 0000000C	 DWord
  instrPointerSelector . . . . .	 00000010	 DWord
  operandPointerOffset . . . . .	 00000014	 DWord
  operandPointerSelector . . . .	 00000018	 Word
INPUT_RECORD . . . . . . . . . .	 00000014
  EventType  . . . . . . . . . .	 00000000	 Word
  Event  . . . . . . . . . . . .	 00000004	 XmmWord
  bKeyDown . . . . . . . . . . .	 00000000	 DWord
  wRepeatCount . . . . . . . . .	 00000004	 Word
  wVirtualKeyCode  . . . . . . .	 00000006	 Word
  wVirtualScanCode . . . . . . .	 00000008	 Word
  uChar  . . . . . . . . . . . .	 0000000A	 Word
  UnicodeChar  . . . . . . . . .	 00000000	 Word
  AsciiChar  . . . . . . . . . .	 00000000	 Byte
  dwControlKeyState  . . . . . .	 0000000C	 DWord
  dwMousePosition  . . . . . . .	 00000000	 DWord
  dwButtonState  . . . . . . . .	 00000004	 DWord
  dwMouseControlKeyState . . . .	 00000008	 DWord
  dwEventFlags . . . . . . . . .	 0000000C	 DWord
  dwSize . . . . . . . . . . . .	 00000000	 DWord
  dwCommandId  . . . . . . . . .	 00000000	 DWord
  bSetFocus  . . . . . . . . . .	 00000000	 DWord
KEY_EVENT_RECORD . . . . . . . .	 00000010
  bKeyDown . . . . . . . . . . .	 00000000	 DWord
  wRepeatCount . . . . . . . . .	 00000004	 Word
  wVirtualKeyCode  . . . . . . .	 00000006	 Word
  wVirtualScanCode . . . . . . .	 00000008	 Word
  uChar  . . . . . . . . . . . .	 0000000A	 Word
  UnicodeChar  . . . . . . . . .	 00000000	 Word
  AsciiChar  . . . . . . . . . .	 00000000	 Byte
  dwControlKeyState  . . . . . .	 0000000C	 DWord
MENU_EVENT_RECORD  . . . . . . .	 00000004
  dwCommandId  . . . . . . . . .	 00000000	 DWord
MOUSE_EVENT_RECORD . . . . . . .	 00000010
  dwMousePosition  . . . . . . .	 00000000	 DWord
  dwButtonState  . . . . . . . .	 00000004	 DWord
  dwMouseControlKeyState . . . .	 00000008	 DWord
  dwEventFlags . . . . . . . . .	 0000000C	 DWord
SMALL_RECT . . . . . . . . . . .	 00000008
  Left . . . . . . . . . . . . .	 00000000	 Word
  Top  . . . . . . . . . . . . .	 00000002	 Word
  Right  . . . . . . . . . . . .	 00000004	 Word
  Bottom . . . . . . . . . . . .	 00000006	 Word
SYSTEMTIME . . . . . . . . . . .	 00000010
  wYear  . . . . . . . . . . . .	 00000000	 Word
  wMonth . . . . . . . . . . . .	 00000002	 Word
  wDayOfWeek . . . . . . . . . .	 00000004	 Word
  wDay . . . . . . . . . . . . .	 00000006	 Word
  wHour  . . . . . . . . . . . .	 00000008	 Word
  wMinute  . . . . . . . . . . .	 0000000A	 Word
  wSecond  . . . . . . . . . . .	 0000000C	 Word
  wMilliseconds  . . . . . . . .	 0000000E	 Word
WINDOW_BUFFER_SIZE_RECORD  . . .	 00000004
  dwSize . . . . . . . . . . . .	 00000000	 DWord


Segments and Groups:

                N a m e                 Size     Length   Align   Combine Class

FLAT . . . . . . . . . . . . . .	GROUP
STACK  . . . . . . . . . . . . .	32 Bit	 00001000 Para	  Stack	  'STACK'	 
_DATA  . . . . . . . . . . . . .	32 Bit	 000009F6 Para	  Public  'DATA'	
_TEXT  . . . . . . . . . . . . .	32 Bit	 00000AD2 Para	  Public  'CODE'	


Procedures, parameters, and locals:

                N a m e                 Type     Value    Attr

CloseFile  . . . . . . . . . . .	P Near	 00000000 FLAT	Length= 00000000 External STDCALL
CloseHandle  . . . . . . . . . .	P Near	 00000000 FLAT	Length= 00000000 External STDCALL
Clrscr . . . . . . . . . . . . .	P Near	 00000000 FLAT	Length= 00000000 External STDCALL
CreateFileA  . . . . . . . . . .	P Near	 00000000 FLAT	Length= 00000000 External STDCALL
CreateOutputFile . . . . . . . .	P Near	 00000000 FLAT	Length= 00000000 External STDCALL
Crlf . . . . . . . . . . . . . .	P Near	 00000000 FLAT	Length= 00000000 External STDCALL
Delay  . . . . . . . . . . . . .	P Near	 00000000 FLAT	Length= 00000000 External STDCALL
DumpMem  . . . . . . . . . . . .	P Near	 00000000 FLAT	Length= 00000000 External STDCALL
DumpRegs . . . . . . . . . . . .	P Near	 00000000 FLAT	Length= 00000000 External STDCALL
ExitProcess  . . . . . . . . . .	P Near	 00000000 FLAT	Length= 00000000 External STDCALL
FileTimeToDosDateTime  . . . . .	P Near	 00000000 FLAT	Length= 00000000 External STDCALL
FileTimeToSystemTime . . . . . .	P Near	 00000000 FLAT	Length= 00000000 External STDCALL
FlushConsoleInputBuffer  . . . .	P Near	 00000000 FLAT	Length= 00000000 External STDCALL
FormatMessageA . . . . . . . . .	P Near	 00000000 FLAT	Length= 00000000 External STDCALL
GetCommandLineA  . . . . . . . .	P Near	 00000000 FLAT	Length= 00000000 External STDCALL
GetCommandTail . . . . . . . . .	P Near	 00000000 FLAT	Length= 00000000 External STDCALL
GetConsoleCP . . . . . . . . . .	P Near	 00000000 FLAT	Length= 00000000 External STDCALL
GetConsoleCursorInfo . . . . . .	P Near	 00000000 FLAT	Length= 00000000 External STDCALL
GetConsoleMode . . . . . . . . .	P Near	 00000000 FLAT	Length= 00000000 External STDCALL
GetConsoleScreenBufferInfo . . .	P Near	 00000000 FLAT	Length= 00000000 External STDCALL
GetDateTime  . . . . . . . . . .	P Near	 00000000 FLAT	Length= 00000000 External STDCALL
GetFileTime  . . . . . . . . . .	P Near	 00000000 FLAT	Length= 00000000 External STDCALL
GetKeyState  . . . . . . . . . .	P Near	 00000000 FLAT	Length= 00000000 External STDCALL
GetLastError . . . . . . . . . .	P Near	 00000000 FLAT	Length= 00000000 External STDCALL
GetLocalTime . . . . . . . . . .	P Near	 00000000 FLAT	Length= 00000000 External STDCALL
GetMaxXY . . . . . . . . . . . .	P Near	 00000000 FLAT	Length= 00000000 External STDCALL
GetMseconds  . . . . . . . . . .	P Near	 00000000 FLAT	Length= 00000000 External STDCALL
GetNumberOfConsoleInputEvents  .	P Near	 00000000 FLAT	Length= 00000000 External STDCALL
GetProcessHeap . . . . . . . . .	P Near	 00000000 FLAT	Length= 00000000 External STDCALL
GetStdHandle . . . . . . . . . .	P Near	 00000000 FLAT	Length= 00000000 External STDCALL
GetSystemTime  . . . . . . . . .	P Near	 00000000 FLAT	Length= 00000000 External STDCALL
GetTextColor . . . . . . . . . .	P Near	 00000000 FLAT	Length= 00000000 External STDCALL
GetTickCount . . . . . . . . . .	P Near	 00000000 FLAT	Length= 00000000 External STDCALL
Gotoxy . . . . . . . . . . . . .	P Near	 00000000 FLAT	Length= 00000000 External STDCALL
HeapAlloc  . . . . . . . . . . .	P Near	 00000000 FLAT	Length= 00000000 External STDCALL
HeapCreate . . . . . . . . . . .	P Near	 00000000 FLAT	Length= 00000000 External STDCALL
HeapDestroy  . . . . . . . . . .	P Near	 00000000 FLAT	Length= 00000000 External STDCALL
HeapFree . . . . . . . . . . . .	P Near	 00000000 FLAT	Length= 00000000 External STDCALL
HeapSize . . . . . . . . . . . .	P Near	 00000000 FLAT	Length= 00000000 External STDCALL
IsDigit  . . . . . . . . . . . .	P Near	 00000000 FLAT	Length= 00000000 External STDCALL
LocalFree  . . . . . . . . . . .	P Near	 00000000 FLAT	Length= 00000000 External STDCALL
MessageBoxA  . . . . . . . . . .	P Near	 00000000 FLAT	Length= 00000000 External STDCALL
MsgBoxAsk  . . . . . . . . . . .	P Near	 00000000 FLAT	Length= 00000000 External STDCALL
MsgBox . . . . . . . . . . . . .	P Near	 00000000 FLAT	Length= 00000000 External STDCALL
OpenInputFile  . . . . . . . . .	P Near	 00000000 FLAT	Length= 00000000 External STDCALL
ParseDecimal32 . . . . . . . . .	P Near	 00000000 FLAT	Length= 00000000 External STDCALL
ParseInteger32 . . . . . . . . .	P Near	 00000000 FLAT	Length= 00000000 External STDCALL
PeekConsoleInputA  . . . . . . .	P Near	 00000000 FLAT	Length= 00000000 External STDCALL
Random32 . . . . . . . . . . . .	P Near	 00000000 FLAT	Length= 00000000 External STDCALL
RandomRange  . . . . . . . . . .	P Near	 00000000 FLAT	Length= 00000000 External STDCALL
Randomize  . . . . . . . . . . .	P Near	 00000000 FLAT	Length= 00000000 External STDCALL
ReadChar . . . . . . . . . . . .	P Near	 00000000 FLAT	Length= 00000000 External STDCALL
ReadConsoleA . . . . . . . . . .	P Near	 00000000 FLAT	Length= 00000000 External STDCALL
ReadConsoleInputA  . . . . . . .	P Near	 00000000 FLAT	Length= 00000000 External STDCALL
ReadDec  . . . . . . . . . . . .	P Near	 00000000 FLAT	Length= 00000000 External STDCALL
ReadFile . . . . . . . . . . . .	P Near	 00000000 FLAT	Length= 00000000 External STDCALL
ReadFloat  . . . . . . . . . . .	P Near	 00000000 FLAT	Length= 00000000 External STDCALL
ReadFromFile . . . . . . . . . .	P Near	 00000000 FLAT	Length= 00000000 External STDCALL
ReadHex  . . . . . . . . . . . .	P Near	 00000000 FLAT	Length= 00000000 External STDCALL
ReadInt  . . . . . . . . . . . .	P Near	 00000000 FLAT	Length= 00000000 External STDCALL
ReadKeyFlush . . . . . . . . . .	P Near	 00000000 FLAT	Length= 00000000 External STDCALL
ReadKey  . . . . . . . . . . . .	P Near	 00000000 FLAT	Length= 00000000 External STDCALL
ReadString . . . . . . . . . . .	P Near	 00000000 FLAT	Length= 00000000 External STDCALL
SetConsoleCursorInfo . . . . . .	P Near	 00000000 FLAT	Length= 00000000 External STDCALL
SetConsoleCursorPosition . . . .	P Near	 00000000 FLAT	Length= 00000000 External STDCALL
SetConsoleMode . . . . . . . . .	P Near	 00000000 FLAT	Length= 00000000 External STDCALL
SetConsoleScreenBufferSize . . .	P Near	 00000000 FLAT	Length= 00000000 External STDCALL
SetConsoleTextAttribute  . . . .	P Near	 00000000 FLAT	Length= 00000000 External STDCALL
SetConsoleTitleA . . . . . . . .	P Near	 00000000 FLAT	Length= 00000000 External STDCALL
SetConsoleWindowInfo . . . . . .	P Near	 00000000 FLAT	Length= 00000000 External STDCALL
SetFilePointer . . . . . . . . .	P Near	 00000000 FLAT	Length= 00000000 External STDCALL
SetLocalTime . . . . . . . . . .	P Near	 00000000 FLAT	Length= 00000000 External STDCALL
SetTextColor . . . . . . . . . .	P Near	 00000000 FLAT	Length= 00000000 External STDCALL
ShowFPUStack . . . . . . . . . .	P Near	 00000000 FLAT	Length= 00000000 External STDCALL
Sleep  . . . . . . . . . . . . .	P Near	 00000000 FLAT	Length= 00000000 External STDCALL
StrLength  . . . . . . . . . . .	P Near	 00000000 FLAT	Length= 00000000 External STDCALL
Str_compare  . . . . . . . . . .	P Near	 00000000 FLAT	Length= 00000000 External STDCALL
Str_copy . . . . . . . . . . . .	P Near	 00000000 FLAT	Length= 00000000 External STDCALL
Str_length . . . . . . . . . . .	P Near	 00000000 FLAT	Length= 00000000 External STDCALL
Str_trim . . . . . . . . . . . .	P Near	 00000000 FLAT	Length= 00000000 External STDCALL
Str_ucase  . . . . . . . . . . .	P Near	 00000000 FLAT	Length= 00000000 External STDCALL
SystemTimeToFileTime . . . . . .	P Near	 00000000 FLAT	Length= 00000000 External STDCALL
WaitMsg  . . . . . . . . . . . .	P Near	 00000000 FLAT	Length= 00000000 External STDCALL
WriteBinB  . . . . . . . . . . .	P Near	 00000000 FLAT	Length= 00000000 External STDCALL
WriteBin . . . . . . . . . . . .	P Near	 00000000 FLAT	Length= 00000000 External STDCALL
WriteChar  . . . . . . . . . . .	P Near	 00000000 FLAT	Length= 00000000 External STDCALL
WriteConsoleA  . . . . . . . . .	P Near	 00000000 FLAT	Length= 00000000 External STDCALL
WriteConsoleOutputAttribute  . .	P Near	 00000000 FLAT	Length= 00000000 External STDCALL
WriteConsoleOutputCharacterA . .	P Near	 00000000 FLAT	Length= 00000000 External STDCALL
WriteDec . . . . . . . . . . . .	P Near	 00000000 FLAT	Length= 00000000 External STDCALL
WriteFile  . . . . . . . . . . .	P Near	 00000000 FLAT	Length= 00000000 External STDCALL
WriteFloat . . . . . . . . . . .	P Near	 00000000 FLAT	Length= 00000000 External STDCALL
WriteHexB  . . . . . . . . . . .	P Near	 00000000 FLAT	Length= 00000000 External STDCALL
WriteHex . . . . . . . . . . . .	P Near	 00000000 FLAT	Length= 00000000 External STDCALL
WriteInt . . . . . . . . . . . .	P Near	 00000000 FLAT	Length= 00000000 External STDCALL
WriteStackFrameName  . . . . . .	P Near	 00000000 FLAT	Length= 00000000 External STDCALL
WriteStackFrame  . . . . . . . .	P Near	 00000000 FLAT	Length= 00000000 External STDCALL
WriteString  . . . . . . . . . .	P Near	 00000000 FLAT	Length= 00000000 External STDCALL
WriteToFile  . . . . . . . . . .	P Near	 00000000 FLAT	Length= 00000000 External STDCALL
WriteWindowsMsg  . . . . . . . .	P Near	 00000000 FLAT	Length= 00000000 External STDCALL
bogyClear  . . . . . . . . . . .	P Near	 000008F3 _TEXT	Length= 00000038 Public STDCALL
  xyPosInBogy  . . . . . . . . .	DWord	 bp + 00000008
  removeBogy . . . . . . . . . .	L Near	 00000900 _TEXT	
bogyWalking  . . . . . . . . . .	P Near	 000008BB _TEXT	Length= 00000038 Public STDCALL
  xyPosInBogy  . . . . . . . . .	DWord	 bp + 00000008
  printBogy  . . . . . . . . . .	L Near	 000008C8 _TEXT	
decStrBogys  . . . . . . . . . .	P Near	 00000AAC _TEXT	Length= 00000026 Public STDCALL
  bogysNumDec  . . . . . . . . .	Word	 bp + 00000008
  change . . . . . . . . . . . .	L Near	 00000ABA _TEXT	
decStrLevel  . . . . . . . . . .	P Near	 00000A3A _TEXT	Length= 00000026 Public STDCALL
  levelNumDec  . . . . . . . . .	Word	 bp + 00000008
  change . . . . . . . . . . . .	L Near	 00000A48 _TEXT	
decStrLives  . . . . . . . . . .	P Near	 00000A86 _TEXT	Length= 00000026 Public STDCALL
  livesNumDec  . . . . . . . . .	Word	 bp + 00000008
  change . . . . . . . . . . . .	L Near	 00000A94 _TEXT	
decStrScore  . . . . . . . . . .	P Near	 00000A60 _TEXT	Length= 00000026 Public STDCALL
  scoreNumDec  . . . . . . . . .	Word	 bp + 00000008
  change . . . . . . . . . . . .	L Near	 00000A6E _TEXT	
main . . . . . . . . . . . . . .	P Near	 00000000 _TEXT	Length= 0000047B Public STDCALL
  Ex . . . . . . . . . . . . . .	L Near	 0000002D _TEXT	
  GameLoop . . . . . . . . . . .	L Near	 00000041 _TEXT	
  ExitProgram  . . . . . . . . .	L Near	 00000474 _TEXT	
noWorkClear  . . . . . . . . . .	P Near	 000009BE _TEXT	Length= 00000023 Public STDCALL
  xyPosInit  . . . . . . . . . .	DWord	 bp + 00000008
  removeNoWork . . . . . . . . .	L Near	 000009C1 _TEXT	
noWorkWalking  . . . . . . . . .	P Near	 0000099B _TEXT	Length= 00000023 Public STDCALL
  xyPosInit  . . . . . . . . . .	DWord	 bp + 00000008
  printNoWork  . . . . . . . . .	L Near	 0000099E _TEXT	
printBogys . . . . . . . . . . .	P Near	 0000087D _TEXT	Length= 0000003E Public STDCALL
  xyPosInit  . . . . . . . . . .	DWord	 bp + 00000008
printGreenLine . . . . . . . . .	P Near	 000009E1 _TEXT	Length= 00000059 Public STDCALL
  xyPosInLine  . . . . . . . . .	DWord	 bp + 00000008
  PrintLine  . . . . . . . . . .	L Near	 000009FA _TEXT	
printLevel . . . . . . . . . . .	P Near	 000007C3 _TEXT	Length= 0000003E Public STDCALL
  xyPosInit  . . . . . . . . . .	DWord	 bp + 00000008
printLives . . . . . . . . . . .	P Near	 0000083F _TEXT	Length= 0000003E Public STDCALL
  xyPosInit  . . . . . . . . . .	DWord	 bp + 00000008
printScore . . . . . . . . . . .	P Near	 00000801 _TEXT	Length= 0000003E Public STDCALL
  xyPosInit  . . . . . . . . . .	DWord	 bp + 00000008
printStartScene  . . . . . . . .	P Near	 0000047B _TEXT	Length= 00000348 Public STDCALL
  cursorInfo . . . . . . . . . .	QWord	 bp - 00000008
  ShowStartStr . . . . . . . . .	L Near	 000004AD _TEXT	
  PrintOption  . . . . . . . . .	L Near	 000004DA _TEXT	
  PrintStartTank . . . . . . . .	L Near	 00000548 _TEXT	
  PrintStartBogy . . . . . . . .	L Near	 00000591 _TEXT	
  StartOrNot . . . . . . . . . .	L Near	 000005BE _TEXT	
  PrintIntro . . . . . . . . . .	L Near	 000005FB _TEXT	
  GameOrNot  . . . . . . . . . .	L Near	 00000628 _TEXT	
  PrintGameSceneTop  . . . . . .	L Near	 0000064E _TEXT	
  PrintGameScene . . . . . . . .	L Near	 00000677 _TEXT	
  PrintBar . . . . . . . . . . .	L Near	 000006CE _TEXT	
printf . . . . . . . . . . . . .	P Near	 00000000 FLAT	Length= 00000000 External C
scanf  . . . . . . . . . . . . .	P Near	 00000000 FLAT	Length= 00000000 External C
tankClear  . . . . . . . . . . .	P Near	 00000963 _TEXT	Length= 00000038 Public STDCALL
  xyPosInit  . . . . . . . . . .	DWord	 bp + 00000008
  removeTank . . . . . . . . . .	L Near	 00000970 _TEXT	
tankWalking  . . . . . . . . . .	P Near	 0000092B _TEXT	Length= 00000038 Public STDCALL
  xyPosInit  . . . . . . . . . .	DWord	 bp + 00000008
  printTank  . . . . . . . . . .	L Near	 00000938 _TEXT	
wsprintfA  . . . . . . . . . . .	P Near	 00000000 FLAT	Length= 00000000 External C


Symbols:

                N a m e                 Type     Value    Attr

@CodeSize  . . . . . . . . . . .	Number	 00000000h   
@DataSize  . . . . . . . . . . .	Number	 00000000h   
@Interface . . . . . . . . . . .	Number	 00000003h   
@Model . . . . . . . . . . . . .	Number	 00000007h   
@code  . . . . . . . . . . . . .	Text   	 _TEXT
@data  . . . . . . . . . . . . .	Text   	 FLAT
@fardata?  . . . . . . . . . . .	Text   	 FLAT
@fardata . . . . . . . . . . . .	Text   	 FLAT
@stack . . . . . . . . . . . . .	Text   	 FLAT
ALT_MASK . . . . . . . . . . . .	Number	 00000003h   
CAPSLOCK_ON  . . . . . . . . . .	Number	 00000080h   
CREATE_ALWAYS  . . . . . . . . .	Number	 00000002h   
CREATE_NEW . . . . . . . . . . .	Number	 00000001h   
CTRL_MASK  . . . . . . . . . . .	Number	 0000000Ch   
CreateFile . . . . . . . . . . .	Text   	 CreateFileA
DO_NOT_SHARE . . . . . . . . . .	Number	 00000000h   
ENABLE_ECHO_INPUT  . . . . . . .	Number	 00000004h   
ENABLE_LINE_INPUT  . . . . . . .	Number	 00000002h   
ENABLE_MOUSE_INPUT . . . . . . .	Number	 00000010h   
ENABLE_PROCESSED_INPUT . . . . .	Number	 00000001h   
ENABLE_PROCESSED_OUTPUT  . . . .	Number	 00000001h   
ENABLE_WINDOW_INPUT  . . . . . .	Number	 00000008h   
ENABLE_WRAP_AT_EOL_OUTPUT  . . .	Number	 00000002h   
ENHANCED_KEY . . . . . . . . . .	Number	 00000100h   
FALSE  . . . . . . . . . . . . .	Number	 00000000h   
FILE_APPEND_DATA . . . . . . . .	Number	 00000004h   
FILE_ATTRIBUTE_ARCHIVE . . . . .	Number	 00000020h   
FILE_ATTRIBUTE_COMPRESSED  . . .	Number	 00000800h   
FILE_ATTRIBUTE_DEVICE  . . . . .	Number	 00000040h   
FILE_ATTRIBUTE_DIRECTORY . . . .	Number	 00000010h   
FILE_ATTRIBUTE_ENCRYPTED . . . .	Number	 00004000h   
FILE_ATTRIBUTE_HIDDEN  . . . . .	Number	 00000002h   
FILE_ATTRIBUTE_NORMAL  . . . . .	Number	 00000080h   
FILE_ATTRIBUTE_NOT_CONTENT_INDEXED .	Number	 00002000h   
FILE_ATTRIBUTE_OFFLINE . . . . .	Number	 00001000h   
FILE_ATTRIBUTE_READONLY  . . . .	Number	 00000001h   
FILE_ATTRIBUTE_REPARSE_POINT . .	Number	 00000400h   
FILE_ATTRIBUTE_SPARSE_FILE . . .	Number	 00000200h   
FILE_ATTRIBUTE_SYSTEM  . . . . .	Number	 00000004h   
FILE_ATTRIBUTE_TEMPORARY . . . .	Number	 00000100h   
FILE_BEGIN . . . . . . . . . . .	Number	 00000000h   
FILE_CURRENT . . . . . . . . . .	Number	 00000001h   
FILE_DELETE_CHILD  . . . . . . .	Number	 00000040h   
FILE_END . . . . . . . . . . . .	Number	 00000002h   
FILE_READ_DATA . . . . . . . . .	Number	 00000001h   
FILE_SHARE_DELETE  . . . . . . .	Number	 00000004h   
FILE_SHARE_READ  . . . . . . . .	Number	 00000001h   
FILE_SHARE_WRITE . . . . . . . .	Number	 00000002h   
FILE_WRITE_DATA  . . . . . . . .	Number	 00000002h   
FOCUS_EVENT  . . . . . . . . . .	Number	 00000010h   
FORMAT_MESSAGE_ALLOCATE_BUFFER .	Number	 00000100h   
FORMAT_MESSAGE_FROM_SYSTEM . . .	Number	 00001000h   
FormatMessage  . . . . . . . . .	Text   	 FormatMessageA
GENERIC_ALL  . . . . . . . . . .	Number	 10000000h   
GENERIC_EXECUTE  . . . . . . . .	Number	 20000000h   
GENERIC_READ . . . . . . . . . .	Number	 -80000000h   
GENERIC_WRITE  . . . . . . . . .	Number	 40000000h   
GetCommandLine . . . . . . . . .	Text   	 GetCommandLineA
HANDLE . . . . . . . . . . . . .	Text   	 DWORD
HEAP_GENERATE_EXCEPTIONS . . . .	Number	 00000004h   
HEAP_GROWABLE  . . . . . . . . .	Number	 00000002h   
HEAP_NO_SERIALIZE  . . . . . . .	Number	 00000001h   
HEAP_REALLOC_IN_PLACE_ONLY . . .	Number	 00000010h   
HEAP_ZERO_MEMORY . . . . . . . .	Number	 00000008h   
IDABORT  . . . . . . . . . . . .	Number	 00000003h   
IDCANCEL . . . . . . . . . . . .	Number	 00000002h   
IDCLOSE  . . . . . . . . . . . .	Number	 00000008h   
IDCONTINUE . . . . . . . . . . .	Number	 0000000Bh   
IDHELP . . . . . . . . . . . . .	Number	 00000009h   
IDIGNORE . . . . . . . . . . . .	Number	 00000005h   
IDNO . . . . . . . . . . . . . .	Number	 00000007h   
IDOK . . . . . . . . . . . . . .	Number	 00000001h   
IDRETRY  . . . . . . . . . . . .	Number	 00000004h   
IDTIMEOUT  . . . . . . . . . . .	Number	 00007D00h   
IDTRYAGAIN . . . . . . . . . . .	Number	 0000000Ah   
IDYES  . . . . . . . . . . . . .	Number	 00000006h   
INVALID_HANDLE_VALUE . . . . . .	Number	 -00000001h   
KBDOWN_FLAG  . . . . . . . . . .	Number	 00000001h   
KEY_EVENT  . . . . . . . . . . .	Number	 00000001h   
KEY_MASKS  . . . . . . . . . . .	Number	 0000001Fh   
LEFT_ALT_PRESSED . . . . . . . .	Number	 00000002h   
LEFT_CTRL_PRESSED  . . . . . . .	Number	 00000008h   
MB_ABORTRETRYIGNORE  . . . . . .	Number	 00000002h   
MB_APPLMODAL . . . . . . . . . .	Number	 00000000h   
MB_CANCELTRYCONTINUE . . . . . .	Number	 00000006h   
MB_DEFBUTTON1  . . . . . . . . .	Number	 00000000h   
MB_DEFBUTTON2  . . . . . . . . .	Number	 00000100h   
MB_DEFBUTTON3  . . . . . . . . .	Number	 00000200h   
MB_DEFBUTTON4  . . . . . . . . .	Number	 00000300h   
MB_HELP  . . . . . . . . . . . .	Number	 00004000h   
MB_ICONASTERISK  . . . . . . . .	Number	 00000040h   
MB_ICONERROR . . . . . . . . . .	Number	 00000010h   
MB_ICONEXCLAMATION . . . . . . .	Number	 00000030h   
MB_ICONHAND  . . . . . . . . . .	Number	 00000010h   
MB_ICONINFORMATION . . . . . . .	Number	 00000040h   
MB_ICONQUESTION  . . . . . . . .	Number	 00000020h   
MB_ICONSTOP  . . . . . . . . . .	Number	 00000010h   
MB_ICONWARNING . . . . . . . . .	Number	 00000030h   
MB_OKCANCEL  . . . . . . . . . .	Number	 00000001h   
MB_OK  . . . . . . . . . . . . .	Number	 00000000h   
MB_RETRYCANCEL . . . . . . . . .	Number	 00000005h   
MB_SYSTEMMODAL . . . . . . . . .	Number	 00001000h   
MB_TASKMODAL . . . . . . . . . .	Number	 00002000h   
MB_USERICON  . . . . . . . . . .	Number	 00000080h   
MB_YESNOCANCEL . . . . . . . . .	Number	 00000003h   
MB_YESNO . . . . . . . . . . . .	Number	 00000004h   
MENU_EVENT . . . . . . . . . . .	Number	 00000008h   
MOUSE_EVENT  . . . . . . . . . .	Number	 00000002h   
MessageBox . . . . . . . . . . .	Text   	 MessageBoxA
N10  . . . . . . . . . . . . . .	Word	 0000007A _DATA	
N11  . . . . . . . . . . . . . .	Word	 0000007C _DATA	
NULL . . . . . . . . . . . . . .	Number	 00000000h   
NUMLOCK_ON . . . . . . . . . . .	Number	 00000020h   
OPEN_ALWAYS  . . . . . . . . . .	Number	 00000004h   
OPEN_EXISTING  . . . . . . . . .	Number	 00000003h   
PeekConsoleInput . . . . . . . .	Text   	 PeekConsoleInputA
RIGHT_ALT_PRESSED  . . . . . . .	Number	 00000001h   
RIGHT_CTRL_PRESSED . . . . . . .	Number	 00000004h   
ReadConsoleInput . . . . . . . .	Text   	 ReadConsoleInputA
ReadConsole  . . . . . . . . . .	Text   	 ReadConsoleA
SCROLLLOCK_ON  . . . . . . . . .	Number	 00000040h   
SHIFT_MASK . . . . . . . . . . .	Number	 00000010h   
SHIFT_PRESSED  . . . . . . . . .	Number	 00000010h   
STD_ERROR_HANDLE . . . . . . . .	Number	 -0000000Ch   
STD_INPUT_HANDLE . . . . . . . .	Number	 -0000000Ah   
STD_OUTPUT_HANDLE  . . . . . . .	Number	 -0000000Bh   
SetConsoleTitle  . . . . . . . .	Text   	 SetConsoleTitleA
TAB  . . . . . . . . . . . . . .	Number	 00000009h   
TRUE . . . . . . . . . . . . . .	Number	 00000001h   
TRUNCATE_EXISTING  . . . . . . .	Number	 00000005h   
VK_11  . . . . . . . . . . . . .	Number	 000000BDh   
VK_12  . . . . . . . . . . . . .	Number	 000000BBh   
VK_ADD . . . . . . . . . . . . .	Number	 0000006Bh   
VK_BACK  . . . . . . . . . . . .	Number	 00000008h   
VK_CANCEL  . . . . . . . . . . .	Number	 00000003h   
VK_CAPITAL . . . . . . . . . . .	Number	 00000014h   
VK_CLEAR . . . . . . . . . . . .	Number	 0000000Ch   
VK_CONTROL . . . . . . . . . . .	Number	 00000011h   
VK_DECIMAL . . . . . . . . . . .	Number	 0000006Eh   
VK_DELETE  . . . . . . . . . . .	Number	 0000002Eh   
VK_DIVIDE  . . . . . . . . . . .	Number	 0000006Fh   
VK_DOWN  . . . . . . . . . . . .	Number	 00000028h   
VK_END . . . . . . . . . . . . .	Number	 00000023h   
VK_ESCAPE  . . . . . . . . . . .	Number	 0000001Bh   
VK_EXECUTE . . . . . . . . . . .	Number	 0000002Bh   
VK_F10 . . . . . . . . . . . . .	Number	 00000079h   
VK_F11 . . . . . . . . . . . . .	Number	 0000007Ah   
VK_F12 . . . . . . . . . . . . .	Number	 0000007Bh   
VK_F13 . . . . . . . . . . . . .	Number	 0000007Ch   
VK_F14 . . . . . . . . . . . . .	Number	 0000007Dh   
VK_F15 . . . . . . . . . . . . .	Number	 0000007Eh   
VK_F16 . . . . . . . . . . . . .	Number	 0000007Fh   
VK_F17 . . . . . . . . . . . . .	Number	 00000080h   
VK_F18 . . . . . . . . . . . . .	Number	 00000081h   
VK_F19 . . . . . . . . . . . . .	Number	 00000082h   
VK_F1  . . . . . . . . . . . . .	Number	 00000070h   
VK_F20 . . . . . . . . . . . . .	Number	 00000083h   
VK_F21 . . . . . . . . . . . . .	Number	 00000084h   
VK_F22 . . . . . . . . . . . . .	Number	 00000085h   
VK_F23 . . . . . . . . . . . . .	Number	 00000086h   
VK_F24 . . . . . . . . . . . . .	Number	 00000087h   
VK_F2  . . . . . . . . . . . . .	Number	 00000071h   
VK_F3  . . . . . . . . . . . . .	Number	 00000072h   
VK_F4  . . . . . . . . . . . . .	Number	 00000073h   
VK_F5  . . . . . . . . . . . . .	Number	 00000074h   
VK_F6  . . . . . . . . . . . . .	Number	 00000075h   
VK_F7  . . . . . . . . . . . . .	Number	 00000076h   
VK_F8  . . . . . . . . . . . . .	Number	 00000077h   
VK_F9  . . . . . . . . . . . . .	Number	 00000078h   
VK_HELP  . . . . . . . . . . . .	Number	 0000002Fh   
VK_HOME  . . . . . . . . . . . .	Number	 00000024h   
VK_INSERT  . . . . . . . . . . .	Number	 0000002Dh   
VK_LBUTTON . . . . . . . . . . .	Number	 00000001h   
VK_LCONTROL  . . . . . . . . . .	Number	 000000A2h   
VK_LEFT  . . . . . . . . . . . .	Number	 00000025h   
VK_LMENU . . . . . . . . . . . .	Number	 000000A4h   
VK_LSHIFT  . . . . . . . . . . .	Number	 000000A0h   
VK_MENU  . . . . . . . . . . . .	Number	 00000012h   
VK_MULTIPLY  . . . . . . . . . .	Number	 0000006Ah   
VK_NEXT  . . . . . . . . . . . .	Number	 00000022h   
VK_NUMLOCK . . . . . . . . . . .	Number	 00000090h   
VK_NUMPAD0 . . . . . . . . . . .	Number	 00000060h   
VK_NUMPAD1 . . . . . . . . . . .	Number	 00000061h   
VK_NUMPAD2 . . . . . . . . . . .	Number	 00000062h   
VK_NUMPAD3 . . . . . . . . . . .	Number	 00000063h   
VK_NUMPAD4 . . . . . . . . . . .	Number	 00000064h   
VK_NUMPAD5 . . . . . . . . . . .	Number	 00000065h   
VK_NUMPAD6 . . . . . . . . . . .	Number	 00000066h   
VK_NUMPAD7 . . . . . . . . . . .	Number	 00000067h   
VK_NUMPAD8 . . . . . . . . . . .	Number	 00000068h   
VK_NUMPAD9 . . . . . . . . . . .	Number	 00000069h   
VK_PAUSE . . . . . . . . . . . .	Number	 00000013h   
VK_PRINT . . . . . . . . . . . .	Number	 0000002Ah   
VK_PRIOR . . . . . . . . . . . .	Number	 00000021h   
VK_RBUTTON . . . . . . . . . . .	Number	 00000002h   
VK_RCONTROL  . . . . . . . . . .	Number	 000000A3h   
VK_RETURN  . . . . . . . . . . .	Number	 0000000Dh   
VK_RIGHT . . . . . . . . . . . .	Number	 00000027h   
VK_RMENU . . . . . . . . . . . .	Number	 000000A5h   
VK_RSHIFT  . . . . . . . . . . .	Number	 000000A1h   
VK_SCROLL  . . . . . . . . . . .	Number	 00000091h   
VK_SEPARATER . . . . . . . . . .	Number	 0000006Ch   
VK_SHIFT . . . . . . . . . . . .	Number	 00000010h   
VK_SNAPSHOT  . . . . . . . . . .	Number	 0000002Ch   
VK_SPACE . . . . . . . . . . . .	Number	 00000020h   
VK_SUBTRACT  . . . . . . . . . .	Number	 0000006Dh   
VK_TAB . . . . . . . . . . . . .	Number	 00000009h   
VK_UP  . . . . . . . . . . . . .	Number	 00000026h   
WINDOW_BUFFER_SIZE_EVENT . . . .	Number	 00000004h   
WriteConsoleOutputCharacter  . .	Text   	 WriteConsoleOutputCharacterA
WriteConsole . . . . . . . . . .	Text   	 WriteConsoleA
black  . . . . . . . . . . . . .	Number	 00000000h   
blue . . . . . . . . . . . . . .	Number	 00000001h   
bogysNum . . . . . . . . . . . .	Word	 00000912 _DATA	
bogysStr . . . . . . . . . . . .	Byte	 00000914 _DATA	
bogys  . . . . . . . . . . . . .	Byte	 000008E8 _DATA	
brown  . . . . . . . . . . . . .	Number	 00000006h   
bullet . . . . . . . . . . . . .	Byte	 000008B4 _DATA	
cells_Written  . . . . . . . . .	DWord	 00000096 _DATA	
clearBogy  . . . . . . . . . . .	Byte	 000008A5 _DATA	
clearBullet  . . . . . . . . . .	Byte	 000008BB _DATA	
clearTank  . . . . . . . . . . .	Byte	 0000087E _DATA	
consoleHandle  . . . . . . . . .	DWord	 0000001A _DATA	
cyan . . . . . . . . . . . . . .	Number	 00000003h   
enterMsg . . . . . . . . . . . .	Byte	 00000322 _DATA	
exit . . . . . . . . . . . . . .	Text   	 INVOKE ExitProcess,0
gameBgM  . . . . . . . . . . . .	Byte	 00000987 _DATA	
gameBgTB . . . . . . . . . . . .	Byte	 00000918 _DATA	
gameBogy . . . . . . . . . . . .	Byte	 00000896 _DATA	
gameIntro  . . . . . . . . . . .	Byte	 00000415 _DATA	
gameTank . . . . . . . . . . . .	Byte	 00000866 _DATA	
gray . . . . . . . . . . . . . .	Number	 00000008h   
greenColor . . . . . . . . . . .	Word	 000008C4 _DATA	
green  . . . . . . . . . . . . .	Number	 00000002h   
leaveMsg . . . . . . . . . . . .	Byte	 00000336 _DATA	
levelNum . . . . . . . . . . . .	Word	 000008F0 _DATA	
levelStr . . . . . . . . . . . .	Byte	 000008F2 _DATA	
level  . . . . . . . . . . . . .	Byte	 000008C8 _DATA	
lightBlue  . . . . . . . . . . .	Number	 00000009h   
lightCyan  . . . . . . . . . . .	Number	 0000000Bh   
lightGray  . . . . . . . . . . .	Number	 00000007h   
lightGreen . . . . . . . . . . .	Number	 0000000Ah   
lightMagenta . . . . . . . . . .	Number	 0000000Dh   
lightRed . . . . . . . . . . . .	Number	 0000000Ch   
line . . . . . . . . . . . . . .	Byte	 000008C2 _DATA	
livesNum . . . . . . . . . . . .	Word	 0000090C _DATA	
livesStr . . . . . . . . . . . .	Byte	 0000090E _DATA	
lives  . . . . . . . . . . . . .	Byte	 000008E0 _DATA	
magenta  . . . . . . . . . . . .	Number	 00000005h   
paused . . . . . . . . . . . . .	Byte	 000008F6 _DATA	
playing  . . . . . . . . . . . .	Byte	 000008FE _DATA	
red  . . . . . . . . . . . . . .	Number	 00000004h   
scoreNum . . . . . . . . . . . .	Word	 00000906 _DATA	
scoreStr . . . . . . . . . . . .	Byte	 00000908 _DATA	
score  . . . . . . . . . . . . .	Byte	 000008D8 _DATA	
startBogy  . . . . . . . . . . .	Byte	 000003F2 _DATA	
startStr . . . . . . . . . . . .	Byte	 0000009A _DATA	
startTank  . . . . . . . . . . .	Byte	 0000034A _DATA	
state  . . . . . . . . . . . . .	Byte	 000008D0 _DATA	
white  . . . . . . . . . . . . .	Number	 0000000Fh   
windowBound  . . . . . . . . . .	SMALL_RECT  00000012 _DATA	
windowTitleStr . . . . . . . . .	Byte	 00000000 _DATA	
wsprintf . . . . . . . . . . . .	Text   	 wsprintfA
xyPosBogy0 . . . . . . . . . . .	COORD	 0000007E _DATA	
xyPosBogy1 . . . . . . . . . . .	COORD	 00000082 _DATA	
xyPosBogy2 . . . . . . . . . . .	COORD	 00000086 _DATA	
xyPosBogy3 . . . . . . . . . . .	COORD	 0000008A _DATA	
xyPosBogy4 . . . . . . . . . . .	COORD	 0000008E _DATA	
xyPosBogy5 . . . . . . . . . . .	COORD	 00000092 _DATA	
xyPosNoWork0 . . . . . . . . . .	COORD	 00000026 _DATA	
xyPosNoWork10  . . . . . . . . .	COORD	 0000004E _DATA	
xyPosNoWork11  . . . . . . . . .	COORD	 00000052 _DATA	
xyPosNoWork12  . . . . . . . . .	COORD	 00000056 _DATA	
xyPosNoWork13  . . . . . . . . .	COORD	 0000005A _DATA	
xyPosNoWork14  . . . . . . . . .	COORD	 0000005E _DATA	
xyPosNoWork15  . . . . . . . . .	COORD	 00000062 _DATA	
xyPosNoWork16  . . . . . . . . .	COORD	 00000066 _DATA	
xyPosNoWork17  . . . . . . . . .	COORD	 0000006A _DATA	
xyPosNoWork18  . . . . . . . . .	COORD	 0000006E _DATA	
xyPosNoWork19  . . . . . . . . .	COORD	 00000072 _DATA	
xyPosNoWork1 . . . . . . . . . .	COORD	 0000002A _DATA	
xyPosNoWork20  . . . . . . . . .	COORD	 00000076 _DATA	
xyPosNoWork2 . . . . . . . . . .	COORD	 0000002E _DATA	
xyPosNoWork3 . . . . . . . . . .	COORD	 00000032 _DATA	
xyPosNoWork4 . . . . . . . . . .	COORD	 00000036 _DATA	
xyPosNoWork5 . . . . . . . . . .	COORD	 0000003A _DATA	
xyPosNoWork6 . . . . . . . . . .	COORD	 0000003E _DATA	
xyPosNoWork7 . . . . . . . . . .	COORD	 00000042 _DATA	
xyPosNoWork8 . . . . . . . . . .	COORD	 00000046 _DATA	
xyPosNoWork9 . . . . . . . . . .	COORD	 0000004A _DATA	
xyPosTank  . . . . . . . . . . .	COORD	 00000022 _DATA	
xyPos  . . . . . . . . . . . . .	COORD	 0000001E _DATA	
yellowColor  . . . . . . . . . .	Word	 000008C6 _DATA	
yellow . . . . . . . . . . . . .	Number	 0000000Eh   

	   0 Warnings
	   0 Errors
